Starting job 4475036 on c5-40 at Sun Nov 28 21:40:27 CET 2021

  1) StdEnv

Task and CPU usage stats:
       JobID    JobName  AllocCPUS   NTasks     MinCPU MinCPUTask     AveCPU    Elapsed ExitCode 
------------ ---------- ---------- -------- ---------- ---------- ---------- ---------- -------- 
4475036            MCMC          3                                           1-15:42:35      0:0 
4475036.bat+      batch          3        1 1-15:44:16          0 1-15:44:16 1-15:42:35      0:0 
4475036.ext+     extern          3        1   00:00:00          0   00:00:00 1-15:42:35      0:0 

Memory usage stats:
       JobID     MaxRSS MaxRSSTask     AveRSS MaxPages   MaxPagesTask   AvePages 
------------ ---------- ---------- ---------- -------- -------------- ---------- 
4475036                                                                          
4475036.bat+   2189428K          0   2189428K        0              0          0 
4475036.ext+          0          0          0        0              0          0 

Disk usage stats:
       JobID  MaxDiskRead MaxDiskReadTask    AveDiskRead MaxDiskWrite MaxDiskWriteTask   AveDiskWrite 
------------ ------------ --------------- -------------- ------------ ---------------- -------------- 
4475036                                                                                               
4475036.bat+        8.24M               0          8.24M        0.15M                0          0.15M 
4475036.ext+        0.00M               0          0.00M            0                0              0 

Job 4475036 completed at Tue Nov 30 13:23:02 CET 2021
