Starting job 4474869 on c5-8 at Sun Nov 28 19:53:44 CET 2021

  1) StdEnv

Task and CPU usage stats:
       JobID    JobName  AllocCPUS   NTasks     MinCPU MinCPUTask     AveCPU    Elapsed ExitCode 
------------ ---------- ---------- -------- ---------- ---------- ---------- ---------- -------- 
4474869            MCMC          3                                             00:39:54      0:0 
4474869.bat+      batch          3        1   00:39:22          0   00:39:22   00:39:54      0:0 
4474869.ext+     extern          3        1   00:00:00          0   00:00:00   00:39:54      0:0 

Memory usage stats:
       JobID     MaxRSS MaxRSSTask     AveRSS MaxPages   MaxPagesTask   AvePages 
------------ ---------- ---------- ---------- -------- -------------- ---------- 
4474869                                                                          
4474869.bat+   1067208K          0   1067208K        0              0          0 
4474869.ext+          0          0          0        0              0          0 

Disk usage stats:
       JobID  MaxDiskRead MaxDiskReadTask    AveDiskRead MaxDiskWrite MaxDiskWriteTask   AveDiskWrite 
------------ ------------ --------------- -------------- ------------ ---------------- -------------- 
4474869                                                                                               
4474869.bat+        8.24M               0          8.24M        0.15M                0          0.15M 
4474869.ext+        0.00M               0          0.00M            0                0              0 

Job 4474869 completed at Sun Nov 28 20:33:39 CET 2021
