Starting job 4474867 on c5-8 at Sun Nov 28 19:52:35 CET 2021

  1) StdEnv

Task and CPU usage stats:
       JobID    JobName  AllocCPUS   NTasks     MinCPU MinCPUTask     AveCPU    Elapsed ExitCode 
------------ ---------- ---------- -------- ---------- ---------- ---------- ---------- -------- 
4474867            MCMC          3                                             00:00:16      1:0 
4474867.bat+      batch          3        1   00:00:08          0   00:00:08   00:00:16      1:0 
4474867.ext+     extern          3        1   00:00:00          0   00:00:00   00:00:16      0:0 

Memory usage stats:
       JobID     MaxRSS MaxRSSTask     AveRSS MaxPages   MaxPagesTask   AvePages 
------------ ---------- ---------- ---------- -------- -------------- ---------- 
4474867                                                                          
4474867.bat+          0          0          0        0              0          0 
4474867.ext+          0          0          0        0              0          0 

Disk usage stats:
       JobID  MaxDiskRead MaxDiskReadTask    AveDiskRead MaxDiskWrite MaxDiskWriteTask   AveDiskWrite 
------------ ------------ --------------- -------------- ------------ ---------------- -------------- 
4474867                                                                                               
4474867.bat+            0               0              0            0                0              0 
4474867.ext+        0.00M               0          0.00M            0                0              0 

Job 4474867 completed at Sun Nov 28 19:52:51 CET 2021
