Starting job 4485486 on c10-37 at Tue Nov 30 17:54:18 CET 2021

  1) StdEnv

Task and CPU usage stats:
       JobID    JobName  AllocCPUS   NTasks     MinCPU MinCPUTask     AveCPU    Elapsed ExitCode 
------------ ---------- ---------- -------- ---------- ---------- ---------- ---------- -------- 
4485486            MCMC          5                                           1-00:59:11      0:0 
4485486.bat+      batch          5        1 1-00:58:09          0 1-00:58:09 1-00:59:11      0:0 
4485486.ext+     extern          5        1   00:00:00          0   00:00:00 1-00:59:11      0:0 

Memory usage stats:
       JobID     MaxRSS MaxRSSTask     AveRSS MaxPages   MaxPagesTask   AvePages 
------------ ---------- ---------- ---------- -------- -------------- ---------- 
4485486                                                                          
4485486.bat+   2888616K          0   2888616K        0              0          0 
4485486.ext+          0          0          0        0              0          0 

Disk usage stats:
       JobID  MaxDiskRead MaxDiskReadTask    AveDiskRead MaxDiskWrite MaxDiskWriteTask   AveDiskWrite 
------------ ------------ --------------- -------------- ------------ ---------------- -------------- 
4485486                                                                                               
4485486.bat+        8.28M               0          8.28M        0.15M                0          0.15M 
4485486.ext+        0.00M               0          0.00M            0                0              0 

Job 4485486 completed at Wed Dec 1 18:53:30 CET 2021
